
=== Tue Jan 14 23:04:14 2020

Packages were changed.
Update Mode: mergeDefaultDependencies

The following packages were added:
  com.unity.package-manager-ui@2.2.0
  com.unity.ext.nunit@1.0.0
  com.unity.test-framework@1.0.13
  com.unity.ide.vscode@1.1.0
  com.unity.ide.rider@1.1.0
  com.unity.ugui@1.0.0
  com.unity.modules.androidjni@1.0.0
The following packages were updated:
  com.unity.collab-proxy from version 1.2.9 to 1.2.16
  com.unity.textmeshpro from version 2.0.0 to 2.0.1
  com.unity.timeline from version 0.0.0-builtin to 1.1.0

=== Thu Sep 17 01:34:03 2020

Packages were changed.
Update Mode: updateDependencies

The following packages were updated:
  com.unity.ide.rider from version 1.1.0 to 1.1.4
  com.unity.ide.vscode from version 1.1.0 to 1.2.0
  com.unity.render-pipelines.high-definition from version 6.9.1-preview to 7.3.1
  com.unity.render-pipelines.lightweight from version 6.9.1 to 7.3.1
  com.unity.shadergraph from version 6.9.1 to 7.3.1
  com.unity.test-framework from version 1.0.13 to 1.1.13
  com.unity.timeline from version 1.1.0 to 1.2.6
  com.unity.visualeffectgraph from version 6.9.1-preview to 7.3.1
The following packages were removed:
  com.unity.package-manager-ui@2.2.0
